      4    182

t3                              TIMEMVPFAA IFSKTTIASV YMWYRVRLNP NTADMNVLLQ SRSFHRKNHY GIAFFTLNEL QYTSVYKDSA VVRGSQVRRI TNGNTGKGAD FHYKLHNNFK GHVIAHCSNK ELLALLSRFI FRRSRLQPFY KYQTASGNCY YPRHNYGFQP THGLGHFPIR PVVLTAGKLE HSISSLHPLF VA
t4                              TILELCPFYK IFSKTRIASV YMWYRVRLNP GRADMPVLLN SRHFLQTDIY YITFYTLNQY QFTPVYKDSA VVKGSQLRCI TNGNTGMGAR FQYKLHNSFK GHVIAHCSKS QELQKLTFII FRRTNLFPFY KYCTASGNCY FPRYQYGFQP THGFGHMPIR LVVLTPGKLE HSIQNLHPSY KV
t2                              TILELCPFAD LFSKFNIASV YMWYRKRLNP NIADMSLLLS SRSYLHAKKY TISFSSLDQL QVTSVYKDST VVRGSQVRRI TPGTTGKGAT FQYKLQNDFK GHVIAHCSRT ILMAHLFFFI FRRSRLKPYY KYVTASGNCY YPSFRYGCQP THGLGHFPIR IVVLTLASLE HPGQSLHPLF DK
t1                              PILELCPFAT FFRKSRIASV YMWDRVRLNN CIADMTELSW SRTYVQTSDY GISFSSLDQL QFTSVYKDSA VIRGSQLRRI TNGTTGKGAD FQYKLHNNFK GHVIAYCSKA QIVAQLIFII FYRSRLQPFY KYLTASGNCY YPSCQYGFQP THGIGHFPIR LVVMTPASLE HSRNCLHPQY DL



Printing out site pattern counts


         4        103  P

t3                              AAAAAAAACD DEEEFFFFFF FFGGGHHHHH HHIIIKKKKK LLLLLLLLLM MNNNNNNNNN NPPPQQQQRR RRRRRRSSSS SSSSSTTTTT TVVVVVVVWY YYY
t4                              AAKPQTVYCD REQQFFFFIM YYGGYHHHIL QYIIIKKMST EFKLLLLSYL MDGKNNNNPQ SLPPCFNQCF KNQRRRHNPQ SSSTTRRTTT TCKLVVVVWF FYY
t2                              ATDLASKACD TEIQCFYYFF FSAGTHHQKL QFGILKSKTA LLHLLLMLLL MKNRDNPTSR DIPPVKSQRF RRHRRSSSSQ PSSFSINFST TCDVKLVVWV YYY
t1                              AATPASLACD DEQQFFFYIF YSAGGHYHDV QCRIFKSKAT IIQLMSVQLL MSCKDNNTTQ NLNPLQWQRF RRQRYSTCSN SRSISIRSSP TCDLVEIVWF YDY



    5    1    1    1    1    1    1    1    2    2    1    2    1    1    1
    6    1    1    1    1    1    1    1    9    1    5    1    1    1    1
    1    1    1    7    1    5    1    1    1    1    1    1    1    8    1
    1    1    1    1    2    2    1    1    1    1    3    1    1    1    1
    1    1    1    6    1    1    1    3    1    1    1    1    1    6    1
    1    1    1    1    1    1    1    6    1    1    1    1    1    1    1
    6    1    1    1    1    1    1    6    1    1    1    1    8


Site-to-pattern map:  90 34 50 12 50 92 64 16  8  3 35 16 82 36 88 87 34  1 83 98 103 51 99 102 74 95 74 44 56 63 53 86  1 10 51 59 96 44 46 67 83 74 77 18 30 73 40 52 29 103 25 34  6 16 22 89 44 55 14 49 68 100 91 79 98 103 36 10 83  2 98 97 71 24 83 68 94 74 69 34 91 57 24 58 91 24 38 24  1 11 16 31 103 36 44 28 56 61 16 36 24 26 98 34  1 27  9 83 54 39 13 41 47  5 43 44 84 70 19 34 16 75 74 85 72 44 66 64 17 103 36 103 65 91  1 83 24 56  9 103 101 64 76 32 60 103 24 15 68 64 91 26 24 42 24 26 20 64 34 74 62 98 98 45 91  4 23 37 44 12 26 81 33 80 78 44 26 64 48 21 93  7
AAML (in paml version 4.9j, February 2020)  sim_alignment_paml.phy
Model: Empirical,  (/project2/joet1/Ricardo/empirical_asr/data/subs_models/vt.dat) dGamma (ncatG=4) ns =   4  ls = 182


Frequencies..
                                    A      R      N      D      C      Q      E      G      H      I      L      K      M      F      P      S      T      W      Y      V
t3                             0.06593 0.07143 0.06593 0.01648 0.01099 0.03297 0.02198 0.06044 0.06044 0.04945 0.08791 0.04945 0.02198 0.07143 0.04396 0.07692 0.06044 0.00549 0.06044 0.06593
t4                             0.03297 0.06044 0.04945 0.01648 0.02747 0.05495 0.01648 0.06044 0.04396 0.06044 0.08791 0.06044 0.02198 0.07692 0.05495 0.06044 0.07143 0.00549 0.08242 0.05495
t2                             0.04945 0.06593 0.02747 0.03297 0.02198 0.03846 0.01099 0.05495 0.04396 0.05495 0.10989 0.06044 0.01648 0.07143 0.04945 0.09890 0.06593 0.00549 0.06593 0.05495
t1                             0.05495 0.06593 0.03846 0.03846 0.03297 0.06044 0.01648 0.05495 0.03297 0.07143 0.08242 0.03846 0.01648 0.06593 0.04396 0.09341 0.06044 0.01099 0.07143 0.04945

Homogeneity statistic: X2 = 0.12130 G = 0.12316 

Average                        0.05082 0.06593 0.04533 0.02610 0.02335 0.04670 0.01648 0.05769 0.04533 0.05907 0.09203 0.05220 0.01923 0.07143 0.04808 0.08242 0.06456 0.00687 0.07005 0.05632

# constant sites:     98 (53.85%)
ln Lmax (unconstrained) = -778.293705


TREE #  1:  ((1, 2), (3, 4));   MP score: 139
This is a rooted tree.  Please check!
lnL(ntime:  6  np:  7):  -1217.409821      +0.000000
   5..6     6..1     6..2     5..7     7..3     7..4  
 0.070102 0.218565 0.297003 0.049615 0.270336 0.241113 0.525149

tree length =  1.146735

((1: 0.218565, 2: 0.297003): 0.070102, (3: 0.270336, 4: 0.241113): 0.049615);

((t3: 0.218565, t4: 0.297003): 0.070102, (t2: 0.270336, t1: 0.241113): 0.049615);

Detailed output identifying parameters

alpha (gamma, K = 4) =  0.52515
rate:   0.03814  0.26802  0.83774  2.85611
freq:   0.25000  0.25000  0.25000  0.25000

Time used:  0:00
