      4    182

t3                              TDPERGPFSH IFNASIFHSV YDWSRTRLQH TRAGLGLPYT SSYYSQIKCY NVTIRSLSHM QFSNMFKLSL RVRGREARQI ACGTRGKLTQ YNYKLSYYFK ACSIMWNASS LDSTPYSFRT FRHERLKPFQ RDITLQKNCY KPLLHSVFQP TNGRGYQAHR VVVLSGDRSP AHKVNSTPDL PE
t4                              RPPNRCPFSE IFNASIFHSV YDWQRTRIQH PRNSLGQPYT SNSYIHTKYC NVTISTLSEV HFSNIRKLSL VVRRSEVRQI AHGMRGKITK YNYILFNDFK ACSIIINASS VDSTPYSFRC FRHERLKPFQ RDITAQINCY KPLLRSVFQP TNGRGYQAYR VVVLSRDRSP SHKVNYEPDL PD
t2                              DRPDRCNFSD IFIASIFHSV NDWQRTRLQH TRAGLGLPYT SKYDSQRKCY NVTLRHLSYV QFSNMYKLSR TVRGREVRQI ANGMRGYITR YNYRLLNNFK ACYILWNASV IHSTPYSFRS FRRERLKPFV RDISVKKACY KPLLRYVFQP INGRGYQAHR VVVLSMDRSH AHKVNYYPDY RE
t1                              DRPDRCNFNE IIIASISHSV YDWSRTRLQH ARADLGVPYK SELDIQAKCR NVTLRELSSV QFSNVYKMSL EVRGREVRQI ANGMRGKITG YNYILCNDFK ACCIAWNASG LDSTPYSFRC FHDERLKPFQ RVISAQNNCY KPLLSYVFQP TIGRGYQAHC VVVLSFDRSH AHKVNCYPDV PG



Printing out site pattern counts


         4         96  P

t3                              AAAACCCDDD DEEEFFFFGG GGGHHHHHHI IIKKKKLLLL LLLLLMMMNN NNPPPPQQQQ QRRRRRSSSS SSSSSSSTTT TTTTTTVWWY YYYYYY
t4                              ANSVCHYDDD PDENFFFRCG RRSEEHHRYI ITIIKKAIIL LLLQVIIVNN NNPPPPHKQQ QRRRSVFINQ SSSSSTYCEM PRTTTTVIWC DNSYYY
t2                              AAAVCNCDDH REEDFFFYCG GMGDYHRRHI LRKRKYVILL LRYLILMVAI NNHNPRQRKQ VRRRRTLSKQ SSVYYHYSYM TDISTTVWWY NNYDNY
t1                              AAAVCNCDVD RGEDFISYCG GFDESHDSHI LANIKKAILL MLVVLAVVNI INHNPPQGQQ QCHRRECIES NSGCYECCYM ADTSKTVWWR DNLDYY



    5    1    1    1    2    1    1    3    1    1    1    1    2    1    7
    1    1    1    1    5    1    1    1    1    1    3    1    1    1    5
    1    1    1    1    6    1    1    1    1    7    1    1    1    1    1
    1    1    1    1    1    1    5    1    1    7    1    2    1    1    4
    1    1    1   12    2    1    1    1    1    1    1   11    1    1    1
    1    1    1    1    1    1    1    1    1    1    4    8    1    1    1
    1    1    1    1    1    6


Site-to-pattern map:  82 11 55 14 64 19 54 15 71 24 30 16 50  1 72 30 17 26 72 87 95  8 89 70 64 86 64 39 60 26 81 64  2 23 40 20 44 55 96 85 72 69 93 94 68 57 32 35  7 90 52 87 86 31 65 76 40 72 25 48 57 15 72 52 47 18 35 41 72 42 66 87 64 21 65 13  4 64 60 30  1  6 20 80 64 20 36 38 86 58 96 52 96 34 40 67 92 91 15 35  1  5 74 30 46 88 52  1 72 73 45 10 72 86 55 96 72 15 64 78 15 63 27 13 64 40 35 55 15 61 64  9 30 84 37 59 33 49  5 96 35 55 40 40 28 75 87 15 60 55 83 51 20 64 20 96 60  1 29 62 87 87 87 40 72 22  8 64 72 53  3 26 35 87 52 77 79 55  8 43 56 12
AAML (in paml version 4.9j, February 2020)  sim_alignment_paml.phy
Model: Empirical,  (/project2/joet1/Ricardo/empirical_asr/data/subs_models/jc69prot.dat) dGamma (ncatG=4) ns =   4  ls = 182


Frequencies..
                                    A      R      N      D      C      Q      E      G      H      I      L      K      M      F      P      S      T      W      Y      V
t3                             0.04396 0.09341 0.04396 0.03297 0.02198 0.04945 0.02198 0.04945 0.04396 0.03846 0.08242 0.04945 0.01648 0.05495 0.05495 0.11538 0.06593 0.01099 0.06593 0.04396
t4                             0.03297 0.10440 0.06593 0.03846 0.02747 0.04396 0.02747 0.02747 0.03846 0.07692 0.05495 0.04396 0.00549 0.05495 0.06593 0.10989 0.04945 0.00549 0.06044 0.06593
t2                             0.04396 0.13187 0.06044 0.04396 0.02198 0.03846 0.01648 0.03846 0.03846 0.04945 0.07143 0.04945 0.01648 0.04945 0.03846 0.08242 0.03846 0.01099 0.08791 0.07143
t1                             0.06044 0.08791 0.06044 0.05495 0.04945 0.04396 0.03297 0.04945 0.03297 0.06044 0.06593 0.04396 0.01099 0.04396 0.04396 0.08791 0.02747 0.01099 0.05495 0.07692

Homogeneity statistic: X2 = 0.14941 G = 0.14946 

Average                        0.04533 0.10440 0.05769 0.04258 0.03022 0.04396 0.02473 0.04121 0.03846 0.05632 0.06868 0.04670 0.01236 0.05082 0.05082 0.09890 0.04533 0.00962 0.06731 0.06456

# constant sites:    103 (56.59%)
ln Lmax (unconstrained) = -756.516766


TREE #  1:  ((1, 2), (3, 4));   MP score: 125
This is a rooted tree.  Please check!
lnL(ntime:  6  np:  7):  -1227.652117      +0.000000
   5..6     6..1     6..2     5..7     7..3     7..4  
 0.007350 0.155216 0.246082 0.100052 0.164742 0.215299 0.595564

tree length =  0.888741

((1: 0.155216, 2: 0.246082): 0.007350, (3: 0.164742, 4: 0.215299): 0.100052);

((t3: 0.155216, t4: 0.246082): 0.007350, (t2: 0.164742, t1: 0.215299): 0.100052);

Detailed output identifying parameters

alpha (gamma, K = 4) =  0.59556
rate:   0.05219  0.30980  0.87904  2.75897
freq:   0.25000  0.25000  0.25000  0.25000

Time used:  0:00
