      4    182

t3                              HRKGNGNLSD IFNATVCNSV KRQSRTEMNN CTADFANLSN DGGLSFFKNY RVDRYNLDEL QTSNKTKDSV VVRASQVRSI APGSSGKIAD YSYKLPLSFL FCVFLILSNS LDSQISTFRL FRDSIIKTFE RDLSTSGQCA APLAREGYQS VWGVGYQPFR VVVLSWPTYN HHFGHNTFQC NT
t4                              PRKEDHNLSD IFNATNCNSV TRRKRPEMTN CIADFANLSN DGGPSTFKSY RVDRYNLDSL QTSNKTKDSG VIRGSEVYSI APGSSGKIAD LNYKLPVSFI GIVFIVLLNN LDSQISGYRL FRDSILKPFE RDISSSGQYA APLVREGYHP VWGVGYQPFR VVVLSWYRYN YHFGHNTIRC YT
t2                              HRKKNHNYND IFNATVCNSV PPYRRTEING SVADFAPYSN DGGTSMFKSY RVDRYNLDSL QTTNKTKDSN VVRRSSVRSI PPGSSGKIAD SNYKLPVSFL GEVFLVLSNN LDSQISAYQW FSDEILKTGE RDISTRGQCA AHIAHEGYVG NWGVGYQPLR VVGLSMTGYN QHFGHYTVGC NT
t1                              HRKALHNLYD IFNATRCNSV PRQTRTEISN CIADFASCAH DGGKSHFKFY RVDRYNLDNL QTTNKTNDSI VVRSPTVRSI NPGSSGKIAD FNYKLPNSFL NGVFLALSNS LDSQISTYRS FSDHILVHPE RNMSTSGQCA APLARKGYHE KWGVGYHPFR VLVLSFHPND YQFGHYTICC NT



Printing out site pattern counts


         4        100  P

t3                              AAAACCCCDD EEEFFFFFFF GGGHHHHIII KKKKLLLLLL LLLMNNNNNN NNNNPPPQQQ QQQRRRRRRS SSSSSSSSSS STTTTTTTVV VVVVVWWYYY 
t4                              AAGVCCIYDD EESFFFGITY EGHHHPYILV KKKTIILLLL LPVMDNNNNN NSTYPPYEHQ QRRRRRRRYK LNNPSSSSSS SGIPPRSTGI NVVVVWWLYY 
t2                              APRACSECDD EESFGLGVMY KGHHHHQILV KKKPILILWY YTVINGNNNP YSNNHPTSVQ QGYHPQRSRR SNNGENRSSS TAVTTGTTNV VGNVVMWSYY 
t1                              ANSACCGCDN EKNFPFNIHY AGHHQHYILA KNVPMLLLSC LKNILNDHNS YFSNPPHTHH QCQRRRRSRT SNSEHYSAPS TTIHTPTTIV RVKLVFWFNY 



    6    1    1    1    2    1    1    1    9    1    2    1    1    7    1
    1    1    1    1    1    1    9    1    1    1    1    1    5    1    1
    5    1    1    1    1    2    1    6    1    1    1    1    1    1    1
    1    1    1    6    1    1    1    1    1    1    3    1    1    1    1
    3    1    1    1    1    1    7    1    1    1    1    1    1    1    1
    1    1    1    1   11    1    1    1    1    1    1    1    5    1    1
    1    1    1    1    7    1    1    1    1    5


Site-to-pattern map:  26 67 31 21 45 23 49 41 76  9 28 14 49  1 88 91  5 49 80 95 34 65 63 70 67 85 11 44 53 46  6 83  1  9 14  1 50 40 78 48  9 22 22 42 80 19 14 31 52 100 67 95  9 67 100 49 38  9 13 38 61 88 81 49 31 88 32  9 80 89 95 90 67  3 79 58 95 69 80 28  2 56 22 80 80 22 31 28  1  9 98 72 100 31 38 56 43 80 14 36 17  7 95 14 36 30 38 71 49 73 38  9 80 61 28 80 82 20 66 39 14 68  9 75 28 29 33 84 15 11 67 10 35 80 87 77 22 61  8  1  1 55 37  4 64 12 22 100 59 74 93 97 22 95 22 100 60 56 16 67 95 94 92 38 80 96 57 86 99 47 27 25 14 22 24 51 88 18 62  5 54 88
AAML (in paml version 4.9j, February 2020)  sim_alignment_paml.phy
Model: Empirical,  (/project2/joet1/Ricardo/empirical_asr/data/subs_models/flu.dat) dGamma (ncatG=4) ns =   4  ls = 182


Frequencies..
                                    A      R      N      D      C      Q      E      G      H      I      L      K      M      F      P      S      T      W      Y      V
t3                             0.04945 0.06593 0.08242 0.05495 0.02747 0.04396 0.02198 0.06044 0.02198 0.03846 0.08242 0.04396 0.00549 0.07143 0.02747 0.12088 0.06044 0.01099 0.03846 0.07143
t4                             0.03846 0.07692 0.07692 0.06044 0.01648 0.02198 0.02747 0.07143 0.02198 0.06593 0.07143 0.04396 0.00549 0.04945 0.04945 0.10989 0.04396 0.01099 0.06593 0.07143
t2                             0.04396 0.06044 0.08791 0.05495 0.01648 0.03297 0.02747 0.08791 0.03297 0.04396 0.05495 0.04396 0.01099 0.03846 0.03846 0.10989 0.06044 0.01099 0.06044 0.08242
t1                             0.05495 0.06593 0.08791 0.05495 0.03297 0.02747 0.01648 0.05495 0.05495 0.04945 0.07143 0.04396 0.00549 0.06044 0.04396 0.10440 0.06044 0.00549 0.04945 0.05495

Homogeneity statistic: X2 = 0.11463 G = 0.11376 

Average                        0.04670 0.06731 0.08379 0.05632 0.02335 0.03159 0.02335 0.06868 0.03297 0.04945 0.07005 0.04396 0.00687 0.05495 0.03984 0.11126 0.05632 0.00962 0.05357 0.07005

# constant sites:    100 (54.95%)
ln Lmax (unconstrained) = -765.147228


TREE #  1:  ((1, 2), (3, 4));   MP score: 135
This is a rooted tree.  Please check!
lnL(ntime:  6  np:  7):  -1199.355147      +0.000000
   5..6     6..1     6..2     5..7     7..3     7..4  
 0.018579 0.261579 0.372616 0.161770 0.551313 0.627354 0.277744

tree length =  1.993211

((1: 0.261579, 2: 0.372616): 0.018579, (3: 0.551313, 4: 0.627354): 0.161770);

((t3: 0.261579, t4: 0.372616): 0.018579, (t2: 0.551313, t1: 0.627354): 0.161770);

Detailed output identifying parameters

alpha (gamma, K = 4) =  0.27774
rate:   0.00366  0.08734  0.55646  3.35254
freq:   0.25000  0.25000  0.25000  0.25000

Time used:  0:00
