      4    182

t3                              RLLHICISGE IFNNSTFASV NDIKRTVWQD IVQDLQFLAT SRIFSTFNIY KVALLSLPSL PYAAMTKLSG TVLGSLVYQI NVGANGKIMN YNYLVELPFL GIVIKRNSKS IDSARYSFRL SRKTQLKPGE RFIFKSKNQY SKAYAVIFFP TFGYGYQPYE KSVLSTNMVQ DDPQQNHTKL LI
t4                              NLLNICIWAE IFNAYTLNSV YEIKRTVWRN CIQDLRTITT SRIFSTFNIY KVAILSLPSL SYAEITKLSS PVRGSLVYQI SVGAKGKIIN YNYLVEKPFR GYVFFTNSKA IDNAVYSFTL IRKTQLKPGE RFIFNSRNQY SITYAVIFFP TFGGLYQPYE TDVLGTDMAK TDYPHNPTKG LI
t2                              KLLDICVLAE IFNKSTFNLV YDIKRTVWTQ CLQDLEVLAT SRIFSTFNIY GVAFATLPSL PYAEMTKISG TVFGSLVYQI FQGPAGKIEN FNYLVPLPFM GYVFLRNSKS IDNAVYSFRI SREKHLKPGE RFMFTSKNQY NAVHAINFFP TFGQQYQPYE TVVLTIDKIQ ADNKNNTIKV LV
t1                              KLLQICISDE IFNDSTFHGV YDIKRTVWSG HLQDLQSLAT SRIFSLFNVY RVAVASLPSL PYAEMTKKSG LVYGSLVYQI IVGAAGKIQH YNYLVHNPFM GNVFLKNSKK IDKAVYSFRL SRKNHLKPGE RFMFTSKNLY SVVYAINFFP TFGRENQPYE TVVLSGDMTQ ARHQSNPTKV LV



Printing out site pattern counts


         4        104  P

t3                              AAAAAACDDD DDEEFFFGGG GHHIIIIIII IIKKKKKKKK LLLLLLLLLL MMMNNNNNNN PPPQQQQQQQ QRRRRRSSSS SSSSSSSTTT TTTVVVVVWY YYYY
t4                              AAENTTCDDE NTEEFLTAGL SNPCFIIIII IYFIKKKNRT GIIKLLLLRR IIMADKNNSY PSYHKPQQQR RNRTTVADGI NSSSSWYPTT TTTAIVVVWG YYYY
t2                              APENAVCDDD QAEPFFVAGQ GDTCFIIMNV VYLAEGKTKT VFLLAIILFM EMKKDANNFY PPNNQKHQQE TKRRRVSVTS NLNSTLSTII KTTILIQVWQ FHYY
t1                              AAEHAVCDRD GAEHFFSDGE GQPHFIVMNI VNLVKRKTKT VVLNAKLLYM QMMDDAHNIY PPHSQQHLQQ SKRKRVKVSS KGSSSSSLGT NLTTLIVVWR YYNY



    4    1    1    1    1    1    1    2    1    1    1    1    3    1   10
    1    1    1    6    1    1    1    1    1    1    7    1    1    1    1
    1    1    1    1    1    1    6    1    1    1    1    1    1    1    1
    1    1   10    1    1    1    1    1    1    1    1    1    6    1    1
    5    1    1    1    1    1    1    1    3    1    1    1    4    1    1
    1    1    1    1    1    1    1    1    8    1    1    1    1    1    1
    1    1    5    1    1    1    1    8    1    1    1    1    1    7


Site-to-pattern map:  72 48 48 22 26  7 30 86 18 13 26 15 58 54 87 93 16  4 82 98 60 10 26 37 73 93 98 99 71 11 24 95 69  8 48 70 17 43  5 93 84 73 26 15 84 92 15 58 27 104 36 98  1 42 45 85 48 61 84 48 62 104  1  3 52 93 37 46 84 21 88 98 49 19 84 48 98 104 69 26 59 97 19  2 56 19 37 26 51 57 101 58 104 48 98 14 44 61 15 50 19 32 98 25 33 74 58 84 37 77 26  8 81  1 76 104 84 15 75 47 80 73 35 91 67 48 37 61 19 13 73 15 28 15 38 84 39 58 68 104 83 34  6 102  1 96 29 15 15 61 93 15 19 100 20 103 69 61 104 13 40 78 98 48 79 89 55 53 94 65 12  9 63 66 64 58 23 90 37 41 48 31
AAML (in paml version 4.9j, February 2020)  sim_alignment_paml.phy
Model: Empirical,  (/project2/joet1/Ricardo/empirical_asr/data/subs_models/cprev.dat) dGamma (ncatG=4) ns =   4  ls = 182


Frequencies..
                                    A      R      N      D      C      Q      E      G      H      I      L      K      M      F      P      S      T      W      Y      V
t3                             0.04945 0.04396 0.06593 0.03297 0.00549 0.05495 0.02198 0.04945 0.01099 0.08242 0.10440 0.07143 0.01648 0.06593 0.03846 0.09890 0.05495 0.00549 0.06044 0.06593
t4                             0.04945 0.04945 0.07143 0.02747 0.01099 0.02747 0.03297 0.04945 0.00549 0.10440 0.08242 0.06044 0.00549 0.06593 0.04396 0.07692 0.08791 0.01099 0.07692 0.06044
t2                             0.05495 0.03297 0.07143 0.03297 0.01099 0.04945 0.03846 0.04396 0.01099 0.07692 0.08791 0.06593 0.01648 0.08791 0.04396 0.06044 0.07143 0.00549 0.05495 0.08242
t1                             0.04945 0.04396 0.06044 0.03297 0.00549 0.04396 0.02747 0.05495 0.03297 0.05495 0.09341 0.07143 0.02198 0.06593 0.03846 0.09341 0.04945 0.00549 0.06044 0.09341

Homogeneity statistic: X2 = 0.13108 G = 0.13021 

Average                        0.05082 0.04258 0.06731 0.03159 0.00824 0.04396 0.03022 0.04945 0.01511 0.07967 0.09203 0.06731 0.01511 0.07143 0.04121 0.08242 0.06593 0.00687 0.06319 0.07555

# constant sites:     96 (52.75%)
ln Lmax (unconstrained) = -773.149336


TREE #  1:  ((1, 2), (3, 4));   MP score: 146
This is a rooted tree.  Please check!
lnL(ntime:  6  np:  7):  -1224.539906      +0.000000
   5..6     6..1     6..2     5..7     7..3     7..4  
 0.063446 0.280282 0.383476 0.125920 0.271530 0.255471 0.457356

tree length =  1.380124

((1: 0.280282, 2: 0.383476): 0.063446, (3: 0.271530, 4: 0.255471): 0.125920);

((t3: 0.280282, t4: 0.383476): 0.063446, (t2: 0.271530, t1: 0.255471): 0.125920);

Detailed output identifying parameters

alpha (gamma, K = 4) =  0.45736
rate:   0.02578  0.22317  0.78658  2.96447
freq:   0.25000  0.25000  0.25000  0.25000

Time used:  0:00
