      4    182

t3                              RPKNRCEIVL VFPSSFLSKV YTFRRKAMTL LTACIGVLTN SAIYSTFRCY RIKIGELPSM GYSHVYADAF VLRAFHLQQI EPGSTGKIAD FNYKVPHNFC GCVIAPNSNK LYSGPYLKRM FRHGNLKSFQ RDISQKKNCY YPLLAYGFHP TTGRGWLPHR SVVLIVDQVH ASNPLCTSFG IS
t4                              RPTRRCEAVF VFQFSLWSKV YMLRRKAISL SSACLEVLTN SAIFSMFNCS RIIISELPSL RYSHIYADSF VILGFNLYQI EPGSRGKIAD FNYKVPRNFC GCVIAVNSNK LDRGHYIKRM YRHGKIKLFK RMISQKKNCY SPLLPYGFHP TNGRGWQPHR SVVLSVNQVH AGHPLCTSFG IS
t2                              RPTHRCDKVM VFLSSRFSKV YRLRRRTISF CTACLGVFTH SAIYSTFICF RIIILELPSL SYSHVYAVVF VIRGFQLNQM EPGGRGKIAD FNYKVPANFC GCVIAKNSNN LDSGQYFKRM FRHSNLKYFQ RMISQEKNCY FPLLSYGFHP TTGRDWQPHK SVVLSVCQSH ASHPHYTAFG KY
t1                              RPADRCEIVQ VFLRSFFSKV YRVRRKNIIF CTTCFGVLTN SAIHSTFRCC RVIIMELPSL AYSHVYADSF VIRGVHLKQI EPGSHGKIAD FNYKVPANFC GCVIAINSNK LDSGPYFKRM FRHGNLKLFL RFISQKKNCY SPLLSYGFYP TTGRGWQPHK SVVLTVEQSH ASHPNCTAFG FY



Printing out site pattern counts


         4         96  P

t3                              AAAAAACCDD DDEEFFFFFG GGGGGHHHHI IIIIIIKKKK KKLLLLLLLL LLLMMMNNNN NPPPPQQQRR RRSSSSSSSS TTTTTTTVVV WYYYYY
t4                              AAAGPSCCDD MNEEFFLLYE GGGRSHHNRA IIIILSIKKK KTFIIILLLL QSWILMHKNN RHPQVKQYLN RRFGLRSSSS MMNRSSTIVV WDFSSY
t2                              AATGSVCYDV MCDEFFLRFG DGSSLHHQAK IIKMLSIEKN RTMFILFFHL QCFILMHNHN HQPLKQQNRI KRSSYSAGSY RTTRSTTVSV WDYFFY
t1                              ATNGSSCCDD FEEEFVVFFG GGGAMHYHAI IVFIFTIKKK KAQFILFLNL QCFILMHNNN DPPLILQKRR KRRSLSASSY RTTHITTVSV WDHCSY



    5    1    1    1    1    1    6    1    1    1    1    1    1    2    8
    1    1    1    1    1    1    7    1    1    1    4    1    1    1    1
    5    1    1    1    1    1    1    1    6    1    1    1    1    1    1
    1    1    1    1    6    1    1    1    1    1    1    1    1    1    5
    1    1    8    1    1    1    3    1    1    1    1    9    1    1    1
    1    1    1    9    1    1    1    1    1    1    1    3    1    1   10
    1    1    1    1    1    7


Site-to-pattern map:  72 63 42 61 72  7 13 30 90 43 90 15 64 73 79 18 53 79 39 90 96 81 17 72 72 41  3 54 85 47 52 86  2  7 35 20 90 48 87 59 79  1 31 93 79 82 15 70  7 94 72 32 37 31 25 14 50 63 79 55 24 96 79 26 88 96  1 10  6 15 90 45 69  4 16 28 50 68 67 34 14 63 22 78 84 22 39 31  1  9 15 60 96 39 90 63 29 60 15  7 22  7 90 31  1 65 60 79 60 40 50 92 76 22 62 96 44 39 72 56 19 72 26 23 58 46 39 75 15 66 72 11 31 79 67 38 39 60  7 96 95 63 50 50  5 96 22 15 27 63 87 83 22 72 21 91 51 63 26 71 79 90 90 50 36 90 12 67 89 26  1 74 57 63 49  8 87 77 15 22 33 80
AAML (in paml version 4.9j, February 2020)  sim_alignment_paml.phy
Model: Empirical,  (/project2/joet1/Ricardo/empirical_asr/data/subs_models/jtt.dat) dGamma (ncatG=4) ns =   4  ls = 182


Frequencies..
                                    A      R      N      D      C      Q      E      G      H      I      L      K      M      F      P      S      T      W      Y      V
t3                             0.05495 0.06593 0.04945 0.02198 0.03846 0.02747 0.01648 0.06593 0.03846 0.06044 0.08791 0.06044 0.01648 0.06593 0.06044 0.08791 0.04945 0.00549 0.06044 0.06593
t4                             0.04396 0.08242 0.05495 0.01648 0.03846 0.02747 0.02198 0.06044 0.03846 0.07692 0.08242 0.06044 0.02198 0.06593 0.04945 0.10989 0.02198 0.01099 0.04945 0.06593
t2                             0.04396 0.07692 0.04396 0.02198 0.04396 0.03846 0.01648 0.05495 0.04945 0.05495 0.06593 0.05495 0.02198 0.08791 0.04396 0.09890 0.04396 0.00549 0.06044 0.07143
t1                             0.04945 0.07143 0.04945 0.02198 0.04945 0.02747 0.02198 0.06044 0.04396 0.06593 0.06593 0.06044 0.01099 0.08791 0.04945 0.08791 0.04396 0.00549 0.04945 0.07692

Homogeneity statistic: X2 = 0.06018 G = 0.06121 

Average                        0.04808 0.07418 0.04945 0.02060 0.04258 0.03022 0.01923 0.06044 0.04258 0.06456 0.07555 0.05907 0.01786 0.07692 0.05082 0.09615 0.03984 0.00687 0.05495 0.07005

# constant sites:    106 (58.24%)
ln Lmax (unconstrained) = -754.123132


TREE #  1:  ((1, 2), (3, 4));   MP score: 120
This is a rooted tree.  Please check!
lnL(ntime:  6  np:  7):  -1135.613022      +0.000000
   5..6     6..1     6..2     5..7     7..3     7..4  
 0.091731 0.214962 0.287833 0.021902 0.255946 0.165023 0.423041

tree length =  1.037398

((1: 0.214962, 2: 0.287833): 0.091731, (3: 0.255946, 4: 0.165023): 0.021902);

((t3: 0.214962, t4: 0.287833): 0.091731, (t2: 0.255946, t1: 0.165023): 0.021902);

Detailed output identifying parameters

alpha (gamma, K = 4) =  0.42304
rate:   0.02017  0.19875  0.75506  3.02602
freq:   0.25000  0.25000  0.25000  0.25000

Time used:  0:00
