      4    182

t3                              NNKRTCDSGE GFNSTTGAHV YRLKRVVLSS KFWKLRMLIN SARVSTFQCV GVEKLSLKEF CYAHITLDHK VVRGDHLRQI APFSNGIISK YNYKYPPNFL GCVFSGRSKH LQSAPYTKRL FRHEPIQNFQ RDISTRVNCT RPLLTYLFQV FFGLGYQPYR VFVLIFARSP EGNPNCPSCY FL
t4                              ENQRTCDFGE VFNSTTGAHI YRFKCVALSG DLWKLTMSLE SARPSTFQCV GLKRLSLKEL CYEAAYLDHI DVRGDHLRQI APLSTGIIVK YNYKYPHDPR GCVISARSKH LLSGPYTKRL FRHQPLQNFQ RDISTRVNCY RPLLSYLFHI FFGFGYQPYR VSVLTFERTP EGNPHCPTRL FP
t2                              KYTRTCDFGD IFNSTTGAHV YRFKRVALSS CFWNLTMLIE SGRFSTFQLV GITQFSLKDL CYEAIFLDRN LVRIDHLRQI APFSIGIIEK YNHKYPRNFR GCVPSYRSQH LLSAPPTKRL FRPGYIQNFQ KDKSKRVNYT RPLLTYFFQV FFGLGYQPYR VTVLSFERNP EDNPKCTNGY LL
t1                              NYKRNCDLGE VFSSTTGAHV YRFKRVKLSS KIWNLTMLSE SGRSSTFQCY GIEKLTLKEL CYEAVTLLQN VVRTDHIRQI APISNGKIIK YNSKYPHNSR SCVLSARSRH LLSTPYTKRL YRHKPLEYFQ RDESSRVNCT RPLLTYFFQV FFGLGYQPYR VGVLTFESIP KGNPNCTNRY FL



Printing out site pattern counts


         4        103  P

t3                              AAAACCCCDD EEEEFFFFFF FFGGGGGGHH HHIIIIIIIK KKKKKKLLLL LLLLLMNNNN NNNNNPPPPQ QQQRRRRRSS SSSSSTTTTT TVVVVVVVWY YYY
t4                              AAEGCCCRDD EEKQFFFILL PSAGGGGVAH HHAIIILLTD IKKKQRFFLL LLPRSMDEEH NNNNTHPPPH LQQCRRRTFG SSTTVSTTTY YADILPVVWL YYY
t2                              AGEACLYGDD DETGFFLPFL FTYDGGIIAH PRIIIKIISC NKNQTQFLFF LLLRLMNEKK NNNYIRPTYQ LQQRKRRTFS SSNNETKTTF TALVIFVVWY HPY
t1                              AGETCCCRDL EKEKFYFLIL SGAGGSTVAH HQVIKELSTK NKNRKKFLFL ILLRLMNENN NSYYNHPTPQ LEQRRRSTLS STINITSNTT TKVVISVYWY SYY



    2    1    2    1    4    1    1    1    3    1    2    1    1    1    7
    1    1    1    2    1    1    1    1    1    6    1    1    1    1    3
    1    1    1    2    1    1    1    1    1    1    1    5    1    1    1
    1    1    1    1    1    1    9    1    1    1    1    1    1    1    1
    3    1    1    1    1    1    7    1    1    1    1    1    4    1    1
   11    1    1    1    1    9    1    1    1    1    1    1    1    4    1
    1    1    1    2    1    1    6    1    1    1    1    1    7


Site-to-pattern map:  59 64 45 76 88  5  9 79 25 11 28 15 62 81 89 89 25  1 30 94 103 76 47 42 74 97 92 52 81 80 40 19 99 43 52 78 56 55 38 58 81  2 76 96 81 89 15 73  6 98 25 95 13 46 50 82 52 42 11 20  5 103  3 29 33 90 52 10 32 41 93 97 76 27  9 30 51 76 73 34  1 67 19 81 65 25 35 34 85 42 103 61 101 42 103 67 66 57 21 54 26  5 97 18 81 23 76 81 44 30 52 71 81  4 67 102 89 42 76 52 16 76 31 14 69 37 72 63 15 73 75  9 36 81 87 76 97 61  7 91 76 67 52 52 86 103 49 15 70 94 15 15 25 48 25 103 73 67 103 76 97 22 97 52 39 15  3 77 83 67 12 24 61 67 60  5 68 84  8 100 17 53
AAML (in paml version 4.9j, February 2020)  sim_alignment_paml.phy
Model: Empirical,  (/project2/joet1/Ricardo/empirical_asr/data/subs_models/jtt.dat) dGamma (ncatG=4) ns =   4  ls = 182


Frequencies..
                                    A      R      N      D      C      Q      E      G      H      I      L      K      M      F      P      S      T      W      Y      V
t3                             0.03297 0.08242 0.06044 0.02198 0.03846 0.03846 0.02747 0.06044 0.03297 0.04396 0.09341 0.06044 0.00549 0.08242 0.05495 0.08242 0.04945 0.00549 0.05495 0.07143
t4                             0.03846 0.08791 0.03297 0.03846 0.03846 0.03846 0.03846 0.06044 0.04396 0.04396 0.10989 0.04396 0.00549 0.06593 0.06593 0.07143 0.06044 0.00549 0.06044 0.04945
t2                             0.02747 0.08791 0.05495 0.03846 0.02747 0.04396 0.02747 0.05495 0.02198 0.05495 0.09890 0.05495 0.00549 0.09341 0.05495 0.06593 0.06593 0.00549 0.06593 0.04945
t1                             0.02198 0.08791 0.06044 0.01648 0.03297 0.03297 0.04396 0.04945 0.02747 0.04396 0.10440 0.06593 0.00549 0.05495 0.04396 0.09890 0.07143 0.00549 0.07143 0.06044

Homogeneity statistic: X2 = 0.09288 G = 0.09436 

Average                        0.03022 0.08654 0.05220 0.02885 0.03434 0.03846 0.03434 0.05632 0.03159 0.04670 0.10165 0.05632 0.00549 0.07418 0.05495 0.07967 0.06181 0.00549 0.06319 0.05769

# constant sites:     94 (51.65%)
ln Lmax (unconstrained) = -775.949101


TREE #  1:  ((1, 2), (3, 4));   MP score: 132
This is a rooted tree.  Please check!
lnL(ntime:  6  np:  7):  -1186.733508      +0.000000
   5..6     6..1     6..2     5..7     7..3     7..4  
 0.016661 0.176477 0.245131 0.039117 0.297129 0.221281 0.819949

tree length =  0.995796

((1: 0.176477, 2: 0.245131): 0.016661, (3: 0.297129, 4: 0.221281): 0.039117);

((t3: 0.176477, t4: 0.245131): 0.016661, (t2: 0.297129, t1: 0.221281): 0.039117);

Detailed output identifying parameters

alpha (gamma, K = 4) =  0.81995
rate:   0.09980  0.41504  0.96233  2.52283
freq:   0.25000  0.25000  0.25000  0.25000

Time used:  0:00
