      4    182

t3                              DLLHLMNFDE IPNESMIHSS SMWSRTTYSG IMADYSVLVS TGQFSTFRNV GVDLLNLVDA LTESVYASSF RVYGSVVLQI AGGSKGKIAQ YRYALPADFC GCVFAKNANA LDSKHETFRI FEPSYIERYQ RDISTQRNCY RPIYSYGFHS TVGLGWQPFR VGVLSNETVA GDSHLVPDKI TE
t4                              QLLRLGNLDE VRNESVIHSS SMWSRTTYSG GMADYSYYVS SGQFSTFRNV GVDLLNLVGP VTESVYAYSF RVYGSIVIQI AGGSKGKIAQ YRYVLLANFC GCVIAGNDNA LDSKHMTFRI FVPSYIKRYE RDVSTQRNCY RPIFSYGFHR TVGLGWQPFR VGVLSNYTVE GDYHSETMDI TE
t2                              QLLSILDFNA IFNESVIHSS SMWSRTKYSG CMTDYHPLVS SGRFSTFRNV GIDLFNLVEA LAESVYQHTF QVYGSMVLQI AVGSKGKIAQ FRYILPADFC GCVIADNSDA LDNKHTTFRL FEPKYIKTYQ RDISTSRNCF RPIFSYGFHR TVGLGWQPFR VGVLTNMTVA GGLHVEHDKI TE
t1                              QLLQLEDLNS ISNESVIHSS LLWSRTKYSG CKAKYSNYVS SGRFSTFRNV GVDLLNLIDA LTESVYASTF RVYGSIVLQI AGGSKGKIAQ YRYILLAVFC GCVFAFNSKA LDSKHHTFRL FVPTYIKSYQ RDLSTTRNCY RPIFSYGFHA TVGLGWQPFR VGVLTNLTVS GPKHGEMKRL TE



Printing out site pattern counts


         4         86  P

t3                              AAAAAAACDD DDDDDDEEEE EEFFFGGHHI IIIIIKKKLL LLLLLMMMMN NNPPPPQQQQ RRRSSSSSSS SSTTTTVVVV VVWYYY
t4                              AAADEPVCDD DDGMNQEEKM VYFILGGHRG IIIVVDGKIL LLSVYGMMVN NNLPRTEQQQ RRRRSSSSSS YYSTTTEIVV VYWFYY
t2                              AQTSAAICDD GNEDDQAEKT EMFIFGVHSC IILIIKDKLF ILVLLLMMVD DNPPFHQQRS QRTRHKNSST HLSAKTEMIV VPWFFY
t1                              AAASSAICDK PNDKVQSEKH VLFFLGGHQC ILLILRFKLL LLGLYEKLVD KNLPSMQQRT RRSASTSLST SKSTKTEIVI VNWFYY



    5    1    1    1    1    1    1    3    3    1    1    1    1    1    1
    1    1    3    1    1    1    1    8    1    1   12    1    4    1    1
    5    1    1    1    1    1    1    3    1    1    1    8    1    1    1
    1    1    1    1    1    1    6    1    3    1    1    1    3    1    1
    1    8    1    1    1    1    1    1   12    2    1    1    1    1    1
    7    1    1    1    1   10    1    2    1    2    8


Site-to-pattern map:  16 42 42 29 41 46 50 25 12 17 34 55 52 18 69 49 31 28 69 69 68 48 83 69 62 76 75 86 69 26 30 47  3 10 86 65 82 45 81 69 73 26 59 23 69 76 23 62 52 81 26 79  9 42 40 52 42 80 13  6 44 74 18 69 81 86  2 71 70 23 61 81 86 26 69 78 81 39 58 31  1 27 26 69 38 26 38 31  1 58 85 62 86  7 42 53  1 15 23  8 26  8 81 24  1 37 52  4 51  1 42  9 67 38 28 20 76 23 62 33 23 21 54 66 86 31 19 63 86 57 62  9 35 69 76 60 62 52  8 85 62 54 31 84 69 86 26 23 28 64 76 81 26 42 26 83 58 54 23 62 81 26 81 42 70 52 22 76 81  5 26 11 72 28 43 77 56 14 36 32 76 18
AAML (in paml version 4.9j, February 2020)  sim_alignment_paml.phy
Model: Empirical,  (/project2/joet1/Ricardo/empirical_asr/data/subs_models/vt.dat) dGamma (ncatG=4) ns =   4  ls = 182


Frequencies..
                                    A      R      N      D      C      Q      E      G      H      I      L      K      M      F      P      S      T      W      Y      V
t3                             0.06044 0.05495 0.04396 0.05495 0.01648 0.03297 0.04396 0.07143 0.02747 0.05495 0.07692 0.02747 0.02198 0.05495 0.03297 0.11538 0.05495 0.01099 0.06044 0.08242
t4                             0.03846 0.07143 0.04945 0.04396 0.01648 0.03297 0.03846 0.09341 0.02198 0.05495 0.06593 0.02198 0.02198 0.04945 0.02198 0.10989 0.05495 0.01099 0.08242 0.09890
t2                             0.04945 0.05495 0.04396 0.04945 0.02198 0.03846 0.03297 0.07143 0.03846 0.06593 0.07692 0.03846 0.02198 0.07692 0.02747 0.09341 0.06593 0.01099 0.04396 0.07692
t1                             0.04945 0.06044 0.04396 0.02747 0.02198 0.03297 0.02747 0.07692 0.02747 0.04945 0.10989 0.05495 0.00549 0.06044 0.02198 0.11538 0.06593 0.01099 0.06044 0.07692

Homogeneity statistic: X2 = 0.10959 G = 0.11151 

Average                        0.04945 0.06044 0.04533 0.04396 0.01923 0.03434 0.03571 0.07830 0.02885 0.05632 0.08242 0.03571 0.01786 0.06044 0.02610 0.10852 0.06044 0.01099 0.06181 0.08379

# constant sites:    113 (62.09%)
ln Lmax (unconstrained) = -727.978088


TREE #  1:  ((1, 2), (3, 4));   MP score: 112
This is a rooted tree.  Please check!
lnL(ntime:  6  np:  7):  -1092.257648      +0.000000
   5..6     6..1     6..2     5..7     7..3     7..4  
 0.099521 0.146158 0.224024 0.029198 0.252034 0.248169 0.352951

tree length =  0.999104

((1: 0.146158, 2: 0.224024): 0.099521, (3: 0.252034, 4: 0.248169): 0.029198);

((t3: 0.146158, t4: 0.224024): 0.099521, (t2: 0.252034, t1: 0.248169): 0.029198);

Detailed output identifying parameters

alpha (gamma, K = 4) =  0.35295
rate:   0.01055  0.14585  0.67490  3.16870
freq:   0.25000  0.25000  0.25000  0.25000

Time used:  0:00
