      4    182

t3                              SIEKRCRFSD IFYRSSFFSE YMSSEVEFRN CTLDSAKLYY SATWSTFRCK PVKIMSLNDM QVTNLTMDKF VVRVSQVRQR APFMHGKIAD YTYKKPLNFI TEVIAINSRV TSSKVGTARL GRSGNLQFNQ RLHSSTKNRM STLFKYGFHP TVGIGYQPYP VRVHSQTDLS PQTVVNHVVI TI
t4                              SIDARCPFSD ILYRSSFFSE SELTAVVFAN CILDTQKLCS SATWSTFKCN PVKVYSLSSL QVTYLTMDEF VVRGSQVRQK ATFGHGKIAD YTYKVPHCFI TVVIAINSRG TQSKVGTARF ARQGNLEFTQ RSHSSTKNKY STLFMYGFSP TVGIGRQPYP VRVLSQASLS GPTVVCHLLI SI
t2                              LIDERCPFSE IFNASSFISV YMTSVVFFSN CKLDPEKLYN SATWSTFQCN PVKLLSLNSL QVTSLTMDEF VVRGSQVRQK TPFVNGKMHD YTYKLPLFFI SRVIAQNSRG IDSKVETARI IREGNLQSTQ GSYQSTKNCY SRIFPYGFWP TVGVGMQPFR VRVESQDLLS LHTTVNHMEF MV
t1                              LIDTRCPFSD VFNATVFFSE YMRSAVVFRN CMLDPDELYN RATWSTFRCK PVKCLSLDSM QVTSLTMDEF VVRGSQVRRK WPFTNGNIAD YTYKAPLWFI TEVIAQNSKG IDSKVGTARL FRRGNLQITE RSFFSTKNRY SRIFLYGFWP TVGVGAQPFR VRVLSQDNLS SQKVVNHADF TM



Printing out site pattern counts


         4        109  P

t3                              AAAACDDDDE EEEEFFFFGG GHHHHHIIII IIIIKKKKKK KKLLLLLMMM MMMNNNNNNP PPPQQQQQRR RRRRRRRSSS SSSSSSSSTT TTTTTTVVVV VWYYYYYYY
t4                              AAAQCDDSSA DEVVFFFLAG GHHHLSIIII IIIVAEKKKM NVFHLLSEGL MYYCCNSTYG PPTEPQQQAK KKPRRRRLQQ SSSSSSTTAI STTTTTGLLV VWCRSSYYY
t2                              AHTECDELSV DVFRFISFIE GHNYEWFIIM QVVLEEKKKP NLILILSMVL MLYFNNNTSL PRPQHQQQSC KQPAGRRTDE LQSSSSPSDK MIRSTTGEMT VWYMNYFNY
t1                              AAWDCDDNSA DEVEFFIFFG GHNFLWFIVI QMVCTEEKNL KALLILSMTM MLYWNNDTSS PRPQQEQRRR KRPARKRRDR LFRSTVPSDM TIRTKTGDAV VWYANYFNY



    3    1    1    1    3    3    1    1    1    1    1    1    1    1    9
    1    1    1    1    1    5    1    1    1    1    1    1    3    1    1
    1    1    1    1    1    1    1    4    1    1    1    1    1    1    1
    6    1    1    1    1    1    1    1    1    1    4    1    1    1    1
    4    1    1    1    1    1    4    1    1    1    1    1    1    1    1
    1    6    1    1    1    1    1    1   11    1    1    1    1    1    1
    1    1    1    1    1    8    2    1    1    1   12    1    1    1    1
    1    1    1    3


Site-to-pattern map:  81 28 11 35 77  5 73 15 84  7 29 18 108 74 85 86 15 16 84 12 106 48 78 88 10 101 13 15 69 56  5 90 46  6 87  4 37 46 103 105 83  1 96 102 84 96 15 72  5 41 61 101 38 34 52 84 46 57  9 50 67 101 96 59 46 96 51  6 36 15 101 101 77 97 84 67 101 77 68 71  3 63 15 49 23 21 39 30  2  6 109 96 109 38 42 61 44 54 15 28 94 14 101 28  1 31 56 84 76 97 92 79 84 38 101 20 96  1 77 43 19 77 80 21 56 46 64 17 58 66 75 47 24 82 84 96 38 56 70 53 84 93 45 15 40 109 21 15 26 61 96 101 21 33 21 104 67 61 107 62 101 77 101 25 84 67 89  8 46 84 60 65 95 100 101 55 22 99 98 27 91 32
AAML (in paml version 4.9j, February 2020)  sim_alignment_paml.phy
Model: Empirical,  (/project2/joet1/Ricardo/empirical_asr/data/subs_models/jtt.dat) dGamma (ncatG=4) ns =   4  ls = 182


Frequencies..
                                    A      R      N      D      C      Q      E      G      H      I      L      K      M      F      P      S      T      W      Y      V
t3                             0.03297 0.07692 0.04945 0.03297 0.01648 0.04396 0.02747 0.03846 0.02747 0.05495 0.05495 0.06044 0.03297 0.06593 0.03846 0.11538 0.08242 0.00549 0.04945 0.09341
t4                             0.05495 0.05495 0.02747 0.02747 0.03297 0.04945 0.02198 0.05495 0.02198 0.05495 0.07143 0.04945 0.01099 0.06593 0.03846 0.13187 0.08791 0.00549 0.04396 0.09341
t2                             0.02198 0.05495 0.05495 0.03297 0.02198 0.05495 0.04396 0.04396 0.01648 0.04945 0.07692 0.04396 0.03297 0.07692 0.04396 0.11538 0.07143 0.01099 0.03846 0.09341
t1                             0.04945 0.08791 0.05495 0.05495 0.02198 0.03846 0.02747 0.04396 0.00549 0.03846 0.06593 0.04396 0.02747 0.08791 0.03846 0.08791 0.07692 0.02198 0.03297 0.09341

Homogeneity statistic: X2 = 0.14804 G = 0.15212 

Average                        0.03984 0.06868 0.04670 0.03709 0.02335 0.04670 0.03022 0.04533 0.01786 0.04945 0.06731 0.04945 0.02610 0.07418 0.03984 0.11264 0.07967 0.01099 0.04121 0.09341

# constant sites:     91 (50.00%)
ln Lmax (unconstrained) = -784.928444


TREE #  1:  ((1, 2), (3, 4));   MP score: 148
This is a rooted tree.  Please check!
lnL(ntime:  6  np:  7):  -1259.513345      +0.000000
   5..6     6..1     6..2     5..7     7..3     7..4  
 0.193640 0.270128 0.296926 0.069433 0.336556 0.214394 0.532712

tree length =  1.381076

((1: 0.270128, 2: 0.296926): 0.193640, (3: 0.336556, 4: 0.214394): 0.069433);

((t3: 0.270128, t4: 0.296926): 0.193640, (t2: 0.336556, t1: 0.214394): 0.069433);

Detailed output identifying parameters

alpha (gamma, K = 4) =  0.53271
rate:   0.03960  0.27274  0.84268  2.84498
freq:   0.25000  0.25000  0.25000  0.25000

Time used:  0:00
