      4    182

t3                              DCTRNCELSL IFVSTIFAGV YKLTISFWDG FRYDWRFLKS SRLVSLFRYL GITVVQLNYY QYSSLEMDSA VVVGFQVRQI GNGASFKTTG CNYKVPNNTL GLVIADNAKA KDREIYRKRI FRRNKLKPPE RHIIRKGLCY KSILAYGFQP THIPDLHFHR VVVLSFEKKL QEFHSNTSEQ PV
t4                              NCTRKCDLNL IFVSLEFDRV YKPSTSCWNG FYYDWRFLMS SRLVSTFRYL SVTVDQLDYY QYSSLELDSA VVVGFQVRQI GGGAHLKNIG CNYRVANNFL AYVIADNGKA IGREIYQKRI FRRSKLKPSQ RHIVRTRLCY KSQLTYGFQP AHRSPLHFHR VVVLSFEKKL GEFRNNTIGL LV
t2                              DCTQTCEFSL IFESSTFDRV FNFNYSCWNG FTYDWRFLMT TRHGSHFRYL GYTLVQLDDY EYSSLQMDSA VVVGSQVRQI GTFAHFKESG CNYKVPRNSL APVIAVNTKG VDSEIDHKRI FRHSKLQPSH RNIVRSKLCY KSLLAYGFQP IQKRSYHFHR VVVLSFEQKL CEFYFNTSAQ VA
t1                              DCTHTCNFSL IFDSISFDRV LHVTTSCWNG VIYDWRFLKS SRHLSHFRYL GDSLEQLNSY QFSSLRMECA VVLGSQVRQE GGLAHYKSSG CNYKVPNNFL ANVIAVNAKN VDAEIDQKRI FRRSKLKPRV RHIVRKNLCY SSQLTYGFQP TITQIYHFHR VVVLSFEKKL REFHLNSRAQ PV



Printing out site pattern counts


         4        106  P

t3                              AAAAACDDDD DDDEEEEEFF FFFGGGGGGH HHHIIIIIII IKKKKKKKKL LLLLLLMNNN NNNPPPPPQQ QQRRRRRRSS SSSSSTTTTT TTTVVVVVVV WYYYYY
t4                              AADGTCDDDG NNPDEEGQCF FFLAGGRRSH HHREIIQRTV VIKKKKMRTL LLLPTYLDGK NNSALPSSGL QQQRRRRYHI NNSSSAFILN STTDVVVVVV WYYYYY
t2                              AGDTACDDVD DNSEEQAHCF FSFAFGKRGH NQYTIILKYV YVKKNQMKSF HLYFHPMDTT NRSPVPRSCQ EQHHQRSTHS FSSSTISSSE NTTVAEGLVV WDDFYY
t1                              ANDATCDEVD DNINERAVCF VSYALGNRGH HIHSEIQTTV DVKSHKKKKF HLYVHNMNGT NNSPPPQRRQ QQQRHRAIHR LSCSSTFSIS TSTEVDLLLV WDSLFY



    3    1    1    1    1    4    1    1    1    1    1    1    1    1    3
    1    1    1    1    9    1    1    1    1    1    5    1    1    1    2
    1    1    1    1    1    5    1    1    1    1    1    1    5    1    1
    2    1    1    1    1    1   11    1    1    1    1    1    1    1    1
    4    1    1    1    1    2    1    1    1    1    1    4    1    1    1
    9    1    1    1    1    1    1    1    7    2    1    1    1    1    1
    1    2    1    1    1    1    1    1    1    9    2    1    1    1    1
    6


Site-to-pattern map:  11  6 93 75 60  6 14 50 82 52 36 20 96 84 89 34 20  3 28 100 104 45 54 91 39 84 19 101 12 26 21 78 106  7 101 76 20 52 47 85 85 76 51 97 84 55 20 76 106 52 29 41 92 98 94 72 52 58 103 106 71 105 84 84 52 16 57  8 83  1 100 100 99 26 22 72 100 76 72 35 26 59 25  1 79 23 43 90 88 26  6 61 106 48 100 64 62 61 87 52 24 56 100 36  1  9 61  4 43  2 42 10 77 15 36 102 73 43 76 36 20 76 74 63 43 52 46 66 68 18 76 31 36 40 76 49 27 52  6 106 44 84 37 52  5 106 26 20 72 66 86 32 38 67 13 53 30 20 30 76 100 100 100 52 84 20 15 46 43 52 69 15 20 33 81 61 92 80 17 70 65 95
AAML (in paml version 4.9j, February 2020)  sim_alignment_paml.phy
Model: Empirical,  (/project2/joet1/Ricardo/empirical_asr/data/subs_models/jtt.dat) dGamma (ncatG=4) ns =   4  ls = 182


Frequencies..
                                    A      R      N      D      C      Q      E      G      H      I      L      K      M      F      P      S      T      W      Y      V
t3                             0.03846 0.07692 0.04945 0.03846 0.02198 0.03846 0.03846 0.05495 0.02747 0.06593 0.09341 0.07143 0.00549 0.07143 0.03297 0.07692 0.04945 0.01099 0.05495 0.08242
t4                             0.03846 0.09341 0.05495 0.03846 0.02747 0.04396 0.02747 0.06044 0.02747 0.04945 0.10440 0.05495 0.00549 0.06593 0.02198 0.08242 0.03846 0.01099 0.06593 0.08791
t2                             0.03846 0.06593 0.04396 0.04396 0.03297 0.05495 0.03846 0.04396 0.04396 0.03846 0.07143 0.04945 0.01099 0.08791 0.02198 0.10440 0.05495 0.01099 0.06044 0.08242
t1                             0.03846 0.08242 0.06044 0.03846 0.03297 0.04945 0.03297 0.03846 0.04945 0.04945 0.09341 0.05495 0.00549 0.06593 0.02198 0.10440 0.03846 0.01099 0.04396 0.08791

Homogeneity statistic: X2 = 0.07977 G = 0.07944 

Average                        0.03846 0.07967 0.05220 0.03984 0.02885 0.04670 0.03434 0.04945 0.03709 0.05082 0.09066 0.05769 0.00687 0.07280 0.02473 0.09203 0.04533 0.01099 0.05632 0.08516

# constant sites:     92 (50.55%)
ln Lmax (unconstrained) = -781.368837


TREE #  1:  ((1, 2), (3, 4));   MP score: 153
This is a rooted tree.  Please check!
lnL(ntime:  6  np:  7):  -1254.525744      +0.000000
   5..6     6..1     6..2     5..7     7..3     7..4  
 0.105400 0.246114 0.268071 0.138873 0.316864 0.318430 0.548801

tree length =  1.393752

((1: 0.246114, 2: 0.268071): 0.105400, (3: 0.316864, 4: 0.318430): 0.138873);

((t3: 0.246114, t4: 0.268071): 0.105400, (t2: 0.316864, t1: 0.318430): 0.138873);

Detailed output identifying parameters

alpha (gamma, K = 4) =  0.54880
rate:   0.04275  0.28259  0.85277  2.82189
freq:   0.25000  0.25000  0.25000  0.25000

Time used:  0:00
