      4    182

t3                              SIPKRCDVDE IFNYTSTSIV YYWRVKVLNN CYWMLSSLIS DAYWSVFRKY GVIPLSANEL CTAHVSQDSC LIRGSELRQI APGTSGSIAN FNYKNPEWFI GSSITVNSNN LGSKIYRQRE FPANHLRPCE RDSSEKGDCH KPIGSYGFHF TWLIGYQPFM TVVLSFPTCA STECVCPLVD EI
t4                              SIPKRCDQSE IFPYTSTLIV YYWSIKDLQN CIWLLSHPIT DRYWSLFKLY GVIPLKANEL CTTHMAQDSC LIRGYQLRQI APGASGSIAI FNYKKPESFT GSGIAMNSNR LDSFVYSHRE FVTGRLRPCE RDSSEKSDCY KPIGSYGFHF TWKIGYQPFR FVVLSFDSCA RPNCVCPLTD IV
t2                              CIPKRCNTKE IFNNTSTLIV YYWERKVLRN CFWYFSYSIN DRYWSQYRIY GVKPHSAYEV CTAYLTKDSC LIRAFHLRQI APGQNGNIAN FNYKVPETFI GSVIAMNSNH LDSKVYAYRE NTATRLRPSE RDSSSKHGKY KTLGSYGNHF TWVIGYQPFT QVVLSFETCA QTKCLCGSVD AV
t1                              SDPKRCDANE IFNKTSTLIV YYWVVKVITN CISNMSKRIE DRYWSLFRFY GVKPHSANDQ CTSFVTKDSC QIRGFHLRQI APGQSGKIAN FNYKLPERFL GSVIAKNSNS LDSTVYSYRE ETAVRLRPYE RDSSEKGGNY KPLGSYGFHF TWLLGYQPFA SVVLSFDTCA QPICVCGADD AV



Printing out site pattern counts


         4        103  P

t3                              AAAACCCDDD DEEEEEEFFF FGGGGHHHHI IIIIIIKKKL LLLLLLLLMM NNNNNNNNPP PPPQQQRRRR SSSSSSSSSS SSTTTTTTVV VVVVVVVWWW YYY
t4                              ARTTCCCDDD SEEEINQFFF FDGGSHHRYI IIIITVFKLK LLLLLLLPLR GIKNNPQRDP PPVHQQKRSS AGHKLRSSSS TYAAFPSTDI LMMQTVVSWW IYY
t2                              ARAACKSDGN KEESAKHFNN YDAGHHYRYI IIKLIVKKIV FHLLLSVSYT TNVNYNRHEG PTTYKQRRAE TVYSLQCNNS NFAQQTTTVR QLMTVLVTWW FNY
t1                              ARASCNYDGD NDEEAIHFEF FDGGGHFRYD ILKLLVTKFL MHILQAQRNA VNLNNNTSDG PPTYKQRRSV TVKSLQSKSS EFAQSPTTVV LVKADVVRSW IKY



    4    1    1    1    7    1    1    4    1    1    1    1    4    1    1
    1    1    6    1    1    1    1    1    7    1    1    1    1    1    1
    7    1    1    1    1    2    1    5    1    1    1    1    1    4    1
    1    1    1    1    1    1    1    1    4    1    1    1    1    1    1
    6    1    1    1    1    2    1    6    1    1    1    1    1    1    1
    1    1    1    1   11    1    1    1    1    1    1    1    4    1    1
    1    1    1    1    1    1    4    1    1    3    1    1    8


Site-to-pattern map:  77 30 61 38 68  5 10 94 11 13 31 18 56 102 88 80 88 75 31 97 103 103 100 70 90 38 89 43 57 54  5 101 99 49 41 80 73 48 31 81  8  2 103 100 80 91 21 67 39 103 24 97 33 61 42 74  1 55 12 47  5 88  4 27 92 71 65  8 80  5 45 31 68 23 82 17 44 68 66 31  1 61 24 84 79 24 78 31  1 52 18 54 103 38 53 61 13 98 18 35 24 80 72 31 83 93 54 80 54 58 44 22 80 37 36 103 69 64 68 13 19 63  3 51 28 44 68 61  7 13 68  8 80 80 14 38 25  9  6 29 38 62 34 24 80 103 24 20 26 18 88 100 40 32 24 103 66 61 18 50 85 97 97 44 80 18 59 87  5  1 76 86 16  5 96  5 60 46 95  8 15 36
AAML (in paml version 4.9j, February 2020)  sim_alignment_paml.phy
Model: Empirical,  (/project2/joet1/Ricardo/empirical_asr/data/subs_models/jc69prot.dat) dGamma (ncatG=4) ns =   4  ls = 182


Frequencies..
                                    A      R      N      D      C      Q      E      G      H      I      L      K      M      F      P      S      T      W      Y      V
t3                             0.03846 0.04945 0.06044 0.03846 0.04945 0.02198 0.04945 0.05495 0.02198 0.07692 0.06593 0.03846 0.01099 0.04945 0.05495 0.12088 0.04945 0.02747 0.05495 0.06593
t4                             0.03846 0.06044 0.03297 0.04945 0.04945 0.03297 0.03297 0.05495 0.02198 0.08242 0.07692 0.04945 0.01099 0.06044 0.06044 0.10989 0.04945 0.02198 0.06044 0.04396
t2                             0.05495 0.06044 0.07143 0.02747 0.04396 0.03297 0.03846 0.04945 0.02747 0.06044 0.05495 0.06044 0.00549 0.04945 0.03297 0.08791 0.07143 0.02198 0.08242 0.06593
t1                             0.05495 0.06044 0.05495 0.05495 0.03846 0.03297 0.03846 0.06044 0.01648 0.05495 0.06044 0.06044 0.00549 0.06044 0.04396 0.10440 0.04945 0.01648 0.06044 0.07143

Homogeneity statistic: X2 = 0.10625 G = 0.10855 

Average                        0.04670 0.05769 0.05495 0.04258 0.04533 0.03022 0.03984 0.05495 0.02198 0.06868 0.06456 0.05220 0.00824 0.05495 0.04808 0.10577 0.05495 0.02198 0.06456 0.06181

# constant sites:     97 (53.30%)
ln Lmax (unconstrained) = -778.069196


TREE #  1:  ((1, 2), (3, 4));   MP score: 149
This is a rooted tree.  Please check!
lnL(ntime:  6  np:  7):  -1306.774105      +0.000000
   5..6     6..1     6..2     5..7     7..3     7..4  
 0.088517 0.233123 0.249122 0.117696 0.306839 0.188710 0.488225

tree length =  1.184006

((1: 0.233123, 2: 0.249122): 0.088517, (3: 0.306839, 4: 0.188710): 0.117696);

((t3: 0.233123, t4: 0.249122): 0.088517, (t2: 0.306839, t1: 0.188710): 0.117696);

Detailed output identifying parameters

alpha (gamma, K = 4) =  0.48823
rate:   0.03123  0.24416  0.81151  2.91311
freq:   0.25000  0.25000  0.25000  0.25000

Time used:  0:00
